#
# There is insufficient memory for the Java Runtime Environment to continue.
# Native memory allocation (malloc) failed to allocate 1048576 bytes for AllocateHeap
# Possible reasons:
#   The system is out of physical RAM or swap space
#   In 32 bit mode, the process size limit was hit
# Possible solutions:
#   Reduce memory load on the system
#   Increase physical memory or swap space
#   Check if swap backing store is full
#   Use 64 bit Java on a 64 bit OS
#   Decrease Java heap size (-Xmx/-Xms)
#   Decrease number of Java threads
#   Decrease Java thread stack sizes (-Xss)
#   Set larger code cache with -XX:ReservedCodeCacheSize=
# This output file may be truncated or incomplete.
#
#  Out of Memory Error (memory/allocation.inline.hpp:61), pid=19772, tid=30460
#
# JRE version:  (8.0_40-b25) (build )
# Java VM: Java HotSpot(TM) 64-Bit Server VM (25.40-b25 mixed mode windows-amd64 compressed oops)
# Failed to write core dump. Minidumps are not enabled by default on client versions of Windows
#

---------------  T H R E A D  ---------------

Current thread (0x0000000003454000):  JavaThread "Unknown thread" [_thread_in_vm, id=30460, stack(0x00000000031e0000,0x00000000032e0000)]

Stack: [0x00000000031e0000,0x00000000032e0000]
Native frames: (J=compiled Java code, j=interpreted, Vv=VM code, C=native code)
V  [jvm.dll+0x32b47a]
V  [jvm.dll+0x2797f3]
V  [jvm.dll+0x27a489]
V  [jvm.dll+0x2717a5]
V  [jvm.dll+0x1606]
V  [jvm.dll+0x3c0a62]
V  [jvm.dll+0x3ee9c2]
V  [jvm.dll+0x3eeecc]
V  [jvm.dll+0x3ea707]
V  [jvm.dll+0xf2c12]
V  [jvm.dll+0x20f139]
V  [jvm.dll+0x240d9a]
V  [jvm.dll+0x15b941]
C  [java.exe+0x216e]
C  [java.exe+0xcce7]
C  [java.exe+0xcd7b]
C  [KERNEL32.DLL+0x17344]
C  [ntdll.dll+0x526b1]


---------------  P R O C E S S  ---------------

Java Threads: ( => current thread )

Other Threads:

=>0x0000000003454000 (exited) JavaThread "Unknown thread" [_thread_in_vm, id=30460, stack(0x00000000031e0000,0x00000000032e0000)]

VM state:not at safepoint (normal execution)

VM Mutex/Monitor currently owned by a thread: None

Heap:
 PSYoungGen      total 75264K, used 1290K [0x000000076c180000, 0x0000000771580000, 0x00000007c0000000)
  eden space 64512K, 2% used [0x000000076c180000,0x000000076c2c2900,0x0000000770080000)
  from space 10752K, 0% used [0x0000000770b00000,0x0000000770b00000,0x0000000771580000)
  to   space 10752K, 0% used [0x0000000770080000,0x0000000770080000,0x0000000770b00000)
 ParOldGen       total 172032K, used 0K [0x00000006c4400000, 0x00000006cec00000, 0x000000076c180000)
  object space 172032K, 0% used [0x00000006c4400000,0x00000006c4400000,0x00000006cec00000)
 Metaspace       used 766K, capacity 4480K, committed 4480K, reserved 1056768K
  class space    used 75K, capacity 384K, committed 384K, reserved 1048576K

Card table byte_map: [0x0000000012910000,0x00000000130f0000] byte_map_base: 0x000000000f2ee000

Marking Bits: (ParMarkBitMap*) 0x000000005cf44040
 Begin Bits: [0x0000000014330000, 0x0000000018220000)
 End Bits:   [0x0000000018220000, 0x000000001c110000)

Polling page: 0x0000000000ff0000

CodeCache: size=245760Kb used=328Kb max_used=328Kb free=245431Kb
 bounds [0x0000000003550000, 0x00000000037c0000, 0x0000000012550000]
 total_blobs=57 nmethods=0 adapters=37
 compilation: enabled

Compilation events (0 events):
No events

GC Heap History (0 events):
No events

Deoptimization events (0 events):
No events

Internal exceptions (0 events):
No events

Events (10 events):
Event: 0.019 loading class java/lang/Short
Event: 0.019 loading class java/lang/Short done
Event: 0.019 loading class java/lang/Integer
Event: 0.019 loading class java/lang/Integer done
Event: 0.019 loading class java/lang/Long
Event: 0.019 loading class java/lang/Long done
Event: 0.020 loading class java/lang/NullPointerException
Event: 0.020 loading class java/lang/NullPointerException done
Event: 0.020 loading class java/lang/ArithmeticException
Event: 0.020 loading class java/lang/ArithmeticException done


Dynamic libraries:
0x00007ff6c5ac0000 - 0x00007ff6c5af7000 	D:\Java\bin\java.exe
0x00007ff888590000 - 0x00007ff888788000 	C:\WINDOWS\SYSTEM32\ntdll.dll
0x00007ff887970000 - 0x00007ff887a2d000 	C:\WINDOWS\System32\KERNEL32.DLL
0x00007ff8862b0000 - 0x00007ff8865a6000 	C:\WINDOWS\System32\KERNELBASE.dll
0x00007ff887d40000 - 0x00007ff887df3000 	C:\WINDOWS\System32\ADVAPI32.dll
0x00007ff887fc0000 - 0x00007ff88805e000 	C:\WINDOWS\System32\msvcrt.dll
0x00007ff887a30000 - 0x00007ff887acf000 	C:\WINDOWS\System32\sechost.dll
0x00007ff8880c0000 - 0x00007ff8881e6000 	C:\WINDOWS\System32\RPCRT4.dll
0x00007ff8865b0000 - 0x00007ff8865d7000 	C:\WINDOWS\System32\bcrypt.dll
0x00007ff8883b0000 - 0x00007ff88854e000 	C:\WINDOWS\System32\USER32.dll
0x00007ff886280000 - 0x00007ff8862a2000 	C:\WINDOWS\System32\win32u.dll
0x00007ff887b50000 - 0x00007ff887b7c000 	C:\WINDOWS\System32\GDI32.dll
0x00007ff885c60000 - 0x00007ff885d7a000 	C:\WINDOWS\System32\gdi32full.dll
0x00007ff885ef0000 - 0x00007ff885f8d000 	C:\WINDOWS\System32\msvcp_win.dll
0x00007ff885df0000 - 0x00007ff885ef0000 	C:\WINDOWS\System32\ucrtbase.dll
0x00007ff875690000 - 0x00007ff87592a000 	C:\WINDOWS\WinSxS\amd64_microsoft.windows.common-controls_6595b64144ccf1df_6.0.19041.3636_none_60b6a03d71f818d5\COMCTL32.dll
0x00007ff8882d0000 - 0x00007ff888300000 	C:\WINDOWS\System32\IMM32.DLL
0x000000005cfd0000 - 0x000000005d0a2000 	D:\Java\jre\bin\msvcr100.dll
0x000000005c740000 - 0x000000005cfc3000 	D:\Java\jre\bin\server\jvm.dll
0x00007ff887ad0000 - 0x00007ff887ad8000 	C:\WINDOWS\System32\PSAPI.DLL
0x00007ff8777e0000 - 0x00007ff8777e9000 	C:\WINDOWS\SYSTEM32\WSOCK32.dll
0x00007ff887ae0000 - 0x00007ff887b4b000 	C:\WINDOWS\System32\WS2_32.dll
0x00007ff86ef60000 - 0x00007ff86ef87000 	C:\WINDOWS\SYSTEM32\WINMM.dll
0x00007ff880640000 - 0x00007ff88064a000 	C:\WINDOWS\SYSTEM32\VERSION.dll
0x000000005d1b0000 - 0x000000005d1bf000 	D:\Java\jre\bin\verify.dll
0x000000005d180000 - 0x000000005d1a9000 	D:\Java\jre\bin\java.dll
0x000000005c710000 - 0x000000005c733000 	D:\Java\jre\bin\instrument.dll
0x000000005d160000 - 0x000000005d176000 	D:\Java\jre\bin\zip.dll
0x00007ff87a570000 - 0x00007ff87a754000 	C:\WINDOWS\SYSTEM32\dbghelp.dll
0x00007ff885fe0000 - 0x00007ff886062000 	C:\WINDOWS\System32\bcryptPrimitives.dll

VM Arguments:
jvm_args: -javaagent:D:\Program Files\JetBrains\IDEA\lib\idea_rt.jar=62846:D:\Program Files\JetBrains\IDEA\bin -Dfile.encoding=UTF-8 
java_command: StringTest
java_class_path (initial): D:\Java\jre\lib\charsets.jar;D:\Java\jre\lib\deploy.jar;D:\Java\jre\lib\ext\access-bridge-64.jar;D:\Java\jre\lib\ext\cldrdata.jar;D:\Java\jre\lib\ext\dnsns.jar;D:\Java\jre\lib\ext\jaccess.jar;D:\Java\jre\lib\ext\jfxrt.jar;D:\Java\jre\lib\ext\localedata.jar;D:\Java\jre\lib\ext\nashorn.jar;D:\Java\jre\lib\ext\sunec.jar;D:\Java\jre\lib\ext\sunjce_provider.jar;D:\Java\jre\lib\ext\sunmscapi.jar;D:\Java\jre\lib\ext\sunpkcs11.jar;D:\Java\jre\lib\ext\zipfs.jar;D:\Java\jre\lib\javaws.jar;D:\Java\jre\lib\jce.jar;D:\Java\jre\lib\jfr.jar;D:\Java\jre\lib\jfxswt.jar;D:\Java\jre\lib\jsse.jar;D:\Java\jre\lib\management-agent.jar;D:\Java\jre\lib\plugin.jar;D:\Java\jre\lib\resources.jar;D:\Java\jre\lib\rt.jar;E:\study\git\springbootdemo\mongo_study\target\classes;D:\m2\org\mongodb\mongodb-driver-sync\4.9.1\mongodb-driver-sync-4.9.1.jar;D:\m2\org\mongodb\mongodb-driver-core\4.9.1\mongodb-driver-core-4.9.1.jar;D:\m2\org\mongodb\bson-record-codec\4.9.1\bson-record-codec-4.9.1.jar;D:\m2\org\mongodb\bson\4.9.1\bson-4.9.1.jar;D:\m2\org\slf4j\slf4j-api\1.7.26\slf4j-api-1.7.26.jar;D:\m2\ch\qos\logback\logback-classic\1.2.3\logback-classic-1.2.3.jar;D:\m2\ch\qos\logback\logback-core\1.2.3\logback-core-1.2.3.jar;D:\m2\com\google\guava\guava\22.0\guava-22.0.jar;D:\m2\com\google\code\findbugs\jsr305\1.3.9\jsr305-1.3.9.jar;D:\m2\com\google\errorprone\error_prone_annotations\2.0.18\error_prone_annotations-2.0.18.jar;D:\m2\com\google\j2objc\j2objc-annotations\1.1\j2objc-annotations-1.1.jar;D:\m2\org\codehaus\mojo\animal-sniffer-annotations\1.14\animal-sniffer-annotations-1.14.jar;D:\m2\com\rabbitmq\amqp-client\5.17.0\amqp-client-5.17.0.jar;D:\m2\co\elastic\clients\elasticsearch-java\8.8.2\elasticsearch-java-8.8.2.jar;D:\m2\org\elasticsearch\client\elasticsearch-rest-client\8.8.2\elasticsearch-rest-client-8.8.2.jar;D:\m2\org\apache\httpcomponents\httpclient\4.5.13\httpclient-4.5.13.jar;D:\m2\org\apache\httpcomponents\httpcore\4.4.13\httpcore-4.4.13.jar;D:\m2\org\apache\h
Launcher Type: SUN_STANDARD

Environment Variables:
JAVA_HOME=D:\Java
PATH=C:\Program Files\NVIDIA GPU Computing Toolkit\CUDA\v12.4\bin;C:\Program Files\NVIDIA GPU Computing Toolkit\CUDA\v12.4\libnvvp;C:\Program Files (x86)\Common Files\Oracle\Java\javapath;D:\Program Files (x86)\VMware\VMware Workstation\bin\;D:\cuda\bin;D:\cuda\libnvvp;C:\ProgramData\Oracle\Java\javapath;C:\WINDOWS\system32;C:\WINDOWS;C:\WINDOWS\System32\Wbem;C:\WINDOWS\System32\WindowsPowerShell\v1.0\;C:\WINDOWS\System32\OpenSSH\;D:\Java\bin;D:\Java\jre\bin;d:\Program Files\TortoiseSVN\bin;d:\Program Files\Git\cmd;D:\msys64\usr\bin\;d:\Program Files\Go\bin;D:\python;C:\Program Files (x86)\NVIDIA Corporation\PhysX\Common;D:\anaconda3\Scripts;D:\anaconda3\Library\bin;D:\anaconda3;d:\Program Files\nodejs\;D:\Tesseract-OCR;D:\phantomjs\bin;D:\se\AisEsmAgent;D:\MySQL\MySQL Server 8.0\bin;D:\Program Files (x86)\scala\bin;D:\huawei\scrcpy-win64-v2.3.1;d:\Program Files (x86)\Tencent\微信web开发者工具\dll;C:\Program Files\NVIDIA Corporation\Nsight Compute 2024.1.1\;d:\CMake\bin;D:\MinGw\mingw64\bin;D:\opencv\opencv\build\x64\mingw\install;D:\opencv\opencv\build\x64\mingw\install\x64\mingw\bin;D:\opencv\opencv\build\x64\mingw\install\include;D:\opencv\opencv\build\x64\vc16\lib;D:\opencv\opencv\build\x64\vc16\bin;d:\Program Files\TortoiseGit\bin;C:\Program Files\MySQL\MySQL Shell 8.0\bin\;D:\python\Scripts\;D:\python\;C:\Users\Administrator\AppData\Local\Microsoft\WindowsApps;;D:\Program Files\Microsoft VS Code\bin;C:\Users\Administrator\go\bin;C:\Users\Administrator\AppData\Roaming\npm;%DevEco Studio%
USERNAME=Administrator
OS=Windows_NT
PROCESSOR_IDENTIFIER=Intel64 Family 6 Model 167 Stepping 1, GenuineIntel



---------------  S Y S T E M  ---------------

OS: Windows 10.0 , 64 bit Build 19041 (10.0.19041.3636)

CPU:total 16 (8 cores per cpu, 2 threads per core) family 6 model 167 stepping 1, cmov, cx8, fxsr, mmx, sse, sse2, sse3, ssse3, sse4.1, sse4.2, popcnt, avx, avx2, aes, clmul, erms, 3dnowpref, lzcnt, ht, tsc, tscinvbit, bmi1, bmi2, adx

Memory: 4k page, physical 16491588k(2693748k free), swap 31011316k(5124k free)

vm_info: Java HotSpot(TM) 64-Bit Server VM (25.40-b25) for windows-amd64 JRE (1.8.0_40-b25), built on Feb 10 2015 21:53:57 by "java_re" with MS VC++ 10.0 (VS2010)

time: Tue Aug 06 16:13:37 2024
elapsed time: 0 seconds (0d 0h 0m 0s)

